<?xml version="1.0" encoding="UTF-8"?>
<!-- Generated by org.testng.reporters.JUnitReportReporter -->
<testsuite hostname="DESKTOP-ROILG6T" failures="0" tests="11" name="SeleniumPOM.Assign.PageObjectModel.RegisterTest" time="177.576" errors="0" timestamp="2023-08-23T07:24:27 IST" skipped="0">
  <testcase classname="SeleniumPOM.Assign.PageObjectModel.RegisterTest" name="loginTest" time="7.540"/>
  <testcase classname="SeleniumPOM.Assign.PageObjectModel.RegisterTest" name="loginTest" time="50.300"/>
  <testcase classname="SeleniumPOM.Assign.PageObjectModel.RegisterTest" name="verifyRegister" time="13.129"/>
  <testcase classname="SeleniumPOM.Assign.PageObjectModel.RegisterTest" name="verifyRegister" time="13.326"/>
  <testcase classname="SeleniumPOM.Assign.PageObjectModel.RegisterTest" name="verifyRegister" time="13.230"/>
  <testcase classname="SeleniumPOM.Assign.PageObjectModel.RegisterTest" name="verifyRegister" time="13.636"/>
  <testcase classname="SeleniumPOM.Assign.PageObjectModel.RegisterTest" name="verifyRegister" time="13.371"/>
  <testcase classname="SeleniumPOM.Assign.PageObjectModel.RegisterTest" name="verifyRegister" time="13.264"/>
  <testcase classname="SeleniumPOM.Assign.PageObjectModel.RegisterTest" name="verifyRegister" time="13.174"/>
  <testcase classname="SeleniumPOM.Assign.PageObjectModel.RegisterTest" name="verifyRegister" time="13.398"/>
  <testcase classname="SeleniumPOM.Assign.PageObjectModel.RegisterTest" name="verifyRegister" time="13.208"/>
</testsuite> <!-- SeleniumPOM.Assign.PageObjectModel.RegisterTest -->
